<?xml version="1.0" encoding="UTF-8"?>
<!-- Generated by org.testng.reporters.JUnitXMLReporter -->
<testsuite hostname="LT103164" ignored="0" name="Default test" tests="5" failures="0" timestamp="12 Jan 2022 05:19:35 GMT" time="29.582" errors="0">
  <testcase name="openURL" time="6.6" classname="com.hackthonproject.Sigin.SignInpage"/>
  <testcase name="selectCity" time="0.92" classname="com.hackthonproject.Sigin.SignInpage"/>
  <testcase name="signinBtn" time="3.373" classname="com.hackthonproject.Sigin.SignInpage"/>
  <testcase name="continuewithGoogle" time="0.307" classname="com.hackthonproject.Sigin.SignInpage"/>
  <testcase name="sendDetails" time="7.102" classname="com.hackthonproject.Sigin.SignInpage"/>
</testsuite> <!-- Default test -->
