<?xml version="1.0" encoding="UTF-8"?>
<testng-results skipped="0" failed="0" ignored="0" total="5" passed="5">
  <reporter-output>
  </reporter-output>
  <suite name="Default suite" duration-ms="29582" started-at="2022-01-12T05:19:06Z" finished-at="2022-01-12T05:19:35Z">
    <groups>
    </groups>
    <test name="Default test" duration-ms="29582" started-at="2022-01-12T05:19:06Z" finished-at="2022-01-12T05:19:35Z">
      <class name="com.hackthonproject.Sigin.SignInpage">
        <test-method status="PASS" signature="SetupDriver()[pri:0, instance:com.hackthonproject.Sigin.SignInpage@31dc339b]" name="SetupDriver" is-config="true" duration-ms="9193" started-at="2022-01-12T10:49:06Z" finished-at="2022-01-12T10:49:15Z">
          <reporter-output>
          </reporter-output>
        </test-method> <!-- SetupDriver -->
        <test-method status="PASS" signature="openURL()[pri:1, instance:com.hackthonproject.Sigin.SignInpage@31dc339b]" name="openURL" duration-ms="6600" started-at="2022-01-12T10:49:15Z" finished-at="2022-01-12T10:49:22Z">
          <reporter-output>
          </reporter-output>
        </test-method> <!-- openURL -->
        <test-method status="PASS" signature="selectCity()[pri:2, instance:com.hackthonproject.Sigin.SignInpage@31dc339b]" name="selectCity" duration-ms="920" started-at="2022-01-12T10:49:22Z" finished-at="2022-01-12T10:49:23Z">
          <reporter-output>
          </reporter-output>
        </test-method> <!-- selectCity -->
        <test-method status="PASS" signature="signinBtn()[pri:3, instance:com.hackthonproject.Sigin.SignInpage@31dc339b]" name="signinBtn" duration-ms="3373" started-at="2022-01-12T10:49:23Z" finished-at="2022-01-12T10:49:26Z">
          <reporter-output>
          </reporter-output>
        </test-method> <!-- signinBtn -->
        <test-method status="PASS" signature="continuewithGoogle()[pri:4, instance:com.hackthonproject.Sigin.SignInpage@31dc339b]" name="continuewithGoogle" duration-ms="307" started-at="2022-01-12T10:49:26Z" finished-at="2022-01-12T10:49:26Z">
          <reporter-output>
          </reporter-output>
        </test-method> <!-- continuewithGoogle -->
        <test-method status="PASS" signature="sendDetails()[pri:5, instance:com.hackthonproject.Sigin.SignInpage@31dc339b]" name="sendDetails" duration-ms="7102" started-at="2022-01-12T10:49:26Z" finished-at="2022-01-12T10:49:33Z">
          <reporter-output>
          </reporter-output>
        </test-method> <!-- sendDetails -->
        <test-method status="PASS" signature="closeBrowser()[pri:0, instance:com.hackthonproject.Sigin.SignInpage@31dc339b]" name="closeBrowser" is-config="true" duration-ms="1994" started-at="2022-01-12T10:49:33Z" finished-at="2022-01-12T10:49:35Z">
          <reporter-output>
          </reporter-output>
        </test-method> <!-- closeBrowser -->
      </class> <!-- com.hackthonproject.Sigin.SignInpage -->
    </test> <!-- Default test -->
  </suite> <!-- Default suite -->
</testng-results>
